<?xml version="1.0" encoding="utf-8"?><testsuites name="pytest tests"><testsuite name="pytest" errors="0" failures="0" skipped="0" tests="530" time="17.563" timestamp="2026-07-10T12:17:01.871761+00:00" hostname="bb2706dc1a15"><testcase classname="tests.domain.test_building_model" name="test_building_model_created_from_legacy_contract" time="0.081" /><testcase classname="tests.domain.test_finding_contract" name="test_shared_finding_serializes_legacy_and_new_fields" time="0.000" /><testcase classname="tests.domain.test_finding_contract" name="test_schema_factory_uses_same_contract" time="0.000" /><testcase classname="tests.domain.test_identity_preservation" name="test_ifc_guid_source_and_internal_ids_are_distinct_and_preserved" time="0.000" /><testcase classname="tests.domain.test_identity_preservation" name="test_internal_id_is_deterministic_for_same_input" time="0.000" /><testcase classname="tests.domain.test_identity_preservation" name="test_geometry_fallback_is_explicit" time="0.000" /><testcase classname="tests.domain.test_identity_preservation" name="test_real_ifc_ingest_preserves_globalid_and_internal_id" time="0.067" /><testcase classname="tests.domain.test_identity_preservation" name="test_ifc_only_identity_does_not_duplicate_guid_into_source_id" time="0.001" /><testcase classname="tests.domain.test_legacy_adapter" name="test_round_trip_preserves_verdict_driving_semantics_and_provenance" time="0.001" /><testcase classname="tests.domain.test_legacy_adapter" name="test_empty_building_params_remain_empty_not_synthetic_defaults" time="0.001" /><testcase classname="tests.domain.test_legacy_adapter" name="test_legacy_flat_building_params_keep_asserted_semantics" time="0.001" /><testcase classname="tests.domain.test_units" name="test_explicit_unit_conversions" time="0.000" /><testcase classname="tests.domain.test_units" name="test_unknown_or_missing_units_are_not_guessed" time="0.000" /><testcase classname="tests.ingest.test_normalization_request_isolation" name="test_request_aliases_do_not_mutate_global_vocabulary" time="0.001" /><testcase classname="tests.ingest.test_normalization_request_isolation" name="test_parallel_request_aliases_are_isolated" time="0.003" /><testcase classname="tests.manual_inputs.test_merger" name="test_new_schema_model_property_beats_operator_default" time="0.001" /><testcase classname="tests.manual_inputs.test_merger" name="test_operator_default_beats_unasserted_model_fallback" time="0.001" /><testcase classname="tests.manual_inputs.test_merger" name="test_per_window_override_wins_and_other_fields_keep_model_values" time="0.001" /><testcase classname="tests.manual_inputs.test_merger" name="test_default_fills_only_missing_element_value" time="0.001" /><testcase classname="tests.manual_inputs.test_merger" name="test_unmatched_override_rejected_by_default" time="0.001" /><testcase classname="tests.manual_inputs.test_merger" name="test_unmatched_override_can_be_quality_alert" time="0.001" /><testcase classname="tests.manual_inputs.test_merger" name="test_resolved_window_must_fit_host_wall_and_becomes_quality_finding" time="0.001" /><testcase classname="tests.manual_inputs.test_merger" name="test_operator_wall_default_keeps_operator_provenance_for_ceiling_alias" time="0.001" /><testcase classname="tests.manual_inputs.test_parser" name="test_parse_v1_nested_contract" time="0.000" /><testcase classname="tests.manual_inputs.test_parser" name="test_flat_contract_is_rejected" time="0.000" /><testcase classname="tests.manual_inputs.test_parser" name="test_strict_validation_rejects_invalid_payloads[payload0]" time="0.000" /><testcase classname="tests.manual_inputs.test_parser" name="test_strict_validation_rejects_invalid_payloads[payload1]" time="0.000" /><testcase classname="tests.manual_inputs.test_parser" name="test_strict_validation_rejects_invalid_payloads[payload2]" time="0.000" /><testcase classname="tests.manual_inputs.test_parser" name="test_strict_validation_rejects_invalid_payloads[payload3]" time="0.000" /><testcase classname="tests.manual_inputs.test_parser" name="test_strict_validation_rejects_invalid_payloads[payload4]" time="0.000" /><testcase classname="tests.manual_inputs.test_parser" name="test_rejects_invalid_json_string" time="0.000" /><testcase classname="tests.manual_inputs.test_parser" name="test_cross_field_default_window_must_fit_wall" time="0.000" /><testcase classname="tests.manual_inputs.test_parser" name="test_wire_dict_is_json_serializable" time="0.000" /><testcase classname="tests.pipeline.test_ifc_io" name="test_ifczip_member_name_cannot_escape_temp_directory" time="0.010" /><testcase classname="tests.pipeline.test_manual_inputs_api" name="test_analyze_accepts_v1_manual_inputs_and_threads_to_job" time="0.006" /><testcase classname="tests.pipeline.test_manual_inputs_api" name="test_analyze_rejects_invalid_manual_inputs" time="0.004" /><testcase classname="tests.pipeline.test_manual_inputs_api" name="test_analyze_ifc_accepts_manual_inputs_form" time="0.005" /><testcase classname="tests.pipeline.test_manual_inputs_api" name="test_analyze_ifc_rejects_removed_building_params_field" time="0.003" /><testcase classname="tests.pipeline.test_phase4_selective_blocking" name="test_missing_space_area_yields_quality_issue_and_not_evaluated_rule" time="0.003" /><testcase classname="tests.pipeline.test_phase4_selective_blocking" name="test_missing_unit_contract_survives_pipeline_rehydration" time="0.001" /><testcase classname="tests.pipeline.test_phase9_acceptance" name="test_final_acceptance_scenario" time="5.984" /><testcase classname="tests.pipeline.test_unified_pipeline" name="test_raw_input_cannot_bypass_quality" time="0.003" /><testcase classname="tests.pipeline.test_unified_pipeline" name="test_manual_inputs_merge_before_quality_removes_false_param_alert" time="0.002" /><testcase classname="tests.pipeline.test_unified_pipeline" name="test_bim_data_and_building_model_entrypoints_are_equivalent" time="0.003" /><testcase classname="tests.pipeline.test_unified_pipeline" name="test_precheck_runs_quality_but_skips_compliance" time="0.001" /><testcase classname="tests.pipeline.test_unified_pipeline" name="test_schema_failure_blocks_downstream_and_records_reasons" time="0.002" /><testcase classname="tests.pipeline.test_unified_pipeline" name="test_ifc_invalid_parse_emits_no_unraisable_warning" time="0.002" /><testcase classname="tests.pipeline.test_unified_pipeline" name="test_stage_trace_proves_manual_merge_precedes_quality_and_compliance" time="0.002" /><testcase classname="tests.reporting.test_bcf_phase8" name="test_bcf_archive_has_version_project_topics_viewpoints_and_snapshots" time="0.058" /><testcase classname="tests.reporting.test_bcf_phase8" name="test_markup_and_viewpoint_use_real_ifc_guid_and_bcf21_shape" time="0.055" /><testcase classname="tests.reporting.test_bcf_phase8" name="test_topic_and_viewpoint_guids_are_stable_across_runs" time="0.101" /><testcase classname="tests.reporting.test_bcf_phase8" name="test_internal_reference_topic_is_markup_only_and_global_finding_is_skipped" time="0.052" /><testcase classname="tests.reporting.test_bcf_phase8" name="test_bcf_topic_count_matches_manifest_eligibility" time="0.050" /><testcase classname="tests.reporting.test_bcf_phase8" name="test_validator_rejects_missing_referenced_viewpoint" time="0.055" /><testcase classname="tests.reporting.test_bcf_phase8" name="test_snapshot_is_real_png" time="0.053" /><testcase classname="tests.reporting.test_bcf_phase8" name="test_export_skips_ifc_guid_not_present_in_canonical_model" time="0.055" /><testcase classname="tests.reporting.test_bcf_phase8" name="test_validator_can_cross_check_selected_guids_against_source_model" time="0.058" /><testcase classname="tests.reporting.test_finding_serialization" name="test_stage_report_serializes_shared_contract" time="0.001" /><testcase classname="tests.reporting.test_json_element_identity" name="test_element_finding_contains_internal_and_ifc_identity" time="0.001" /><testcase classname="tests.reporting.test_no_sensitive_paths" name="test_report_removes_secrets_and_absolute_server_paths" time="0.001" /><testcase classname="tests.reporting.test_overall_status_policy" name="test_full_check_policy[stages0-rejected]" time="0.001" /><testcase classname="tests.reporting.test_overall_status_policy" name="test_full_check_policy[stages1-non_compliant]" time="0.000" /><testcase classname="tests.reporting.test_overall_status_policy" name="test_full_check_policy[stages2-incomplete]" time="0.000" /><testcase classname="tests.reporting.test_overall_status_policy" name="test_full_check_policy[stages3-needs_review]" time="0.000" /><testcase classname="tests.reporting.test_overall_status_policy" name="test_full_check_policy[stages4-compliant_with_quality_alerts]" time="0.000" /><testcase classname="tests.reporting.test_overall_status_policy" name="test_full_check_policy[stages5-compliant]" time="0.000" /><testcase classname="tests.reporting.test_overall_status_policy" name="test_precheck_never_claims_regulatory_compliance" time="0.000" /><testcase classname="tests.reporting.test_pipeline_report_v1" name="test_precheck_writes_v1_report_with_compliance_skip_reason" time="0.243" /><testcase classname="tests.reporting.test_pipeline_report_v1" name="test_schema_failure_still_writes_rejection_report" time="0.211" /><testcase classname="tests.reporting.test_report_determinism" name="test_fixed_context_and_shuffled_findings_produce_identical_report" time="0.001" /><testcase classname="tests.reporting.test_report_determinism" name="test_stable_finding_ids_are_independent_of_input_order" time="0.001" /><testcase classname="tests.reporting.test_report_json_schema" name="test_generated_report_validates_against_v1_schema" time="0.005" /><testcase classname="tests.reporting.test_report_json_schema" name="test_schema_validation_rejects_missing_required_field" time="0.002" /><testcase classname="tests.reporting.test_skipped_stage_reason" name="test_skipped_stage_is_materialized_with_reason" time="0.001" /><testcase classname="tests.reporting.test_stable_finding_ids" name="test_finding_id_is_stable_and_ignores_message_wording" time="0.001" /><testcase classname="tests.reporting.test_stable_finding_ids" name="test_finding_id_uses_ifc_guid_then_internal_id" time="0.000" /><testcase classname="tests.reporting.test_stable_finding_ids" name="test_raw_legacy_model_gets_nonempty_model_fingerprint_during_enrichment" time="0.000" /><testcase classname="tests.reporting.test_stage_status" name="test_schema_quality_status_is_centralized" time="0.000" /><testcase classname="tests.reporting.test_stage_status" name="test_compliance_status_is_centralized" time="0.000" /><testcase classname="tests.reporting.test_stage_status" name="test_invalid_status_is_rejected" time="0.000" /><testcase classname="tests.standards.test_catalog_driven_compliance" name="test_clause_property_vocabulary_and_units_come_from_catalog" time="0.039" /><testcase classname="tests.standards.test_catalog_driven_ingest" name="test_custom_attribute_mapping_changes_ingest" time="0.080" /><testcase classname="tests.standards.test_catalog_driven_quality" name="test_yaml_required_for_changes_quality_dependency" time="0.040" /><testcase classname="tests.standards.test_catalog_schema" name="test_default_catalog_is_versioned_and_typed" time="0.013" /><testcase classname="tests.standards.test_catalog_schema" name="test_invalid_catalog_fails_at_load" time="0.018" /><testcase classname="tests.standards.test_catalog_schema" name="test_missing_catalog_fails_fast" time="0.001" /><testcase classname="tests.standards.test_controlled_values" name="test_controlled_values_are_versioned_and_multilingual" time="0.005" /><testcase classname="tests.standards.test_controlled_values" name="test_unknown_value_is_preserved_not_guessed" time="0.000" /><testcase classname="tests.standards.test_controlled_values" name="test_extra_alias_target_must_exist" time="0.001" /><testcase classname="tests.standards.test_controlled_values" name="test_duplicate_alias_in_controlled_values_fails_loud" time="0.003" /><testcase classname="tests.test_building_params" name="test_provided_list_decides_user_supplied" time="0.001" /><testcase classname="tests.test_building_params" name="test_recorded_defaults_are_not_user_supplied" time="0.000" /><testcase classname="tests.test_building_params" name="test_legacy_flat_dict_keeps_old_semantics" time="0.000" /><testcase classname="tests.test_building_params" name="test_wall_height_mm_spelling_aliases_to_ceiling" time="0.000" /><testcase classname="tests.test_building_params" name="test_explicit_ceiling_beats_wall_height_alias" time="0.000" /><testcase classname="tests.test_building_params" name="test_explicit_arg_overrides_bim_block" time="0.000" /><testcase classname="tests.test_building_params" name="test_default_driven_check_forces_needs_review" time="0.001" /><testcase classname="tests.test_building_params" name="test_user_param_verdict_tagged_user_supplied" time="0.001" /><testcase classname="tests.test_building_params" name="test_user_param_can_fail_the_check" time="0.001" /><testcase classname="tests.test_building_params" name="test_recorded_default_from_step1_block_forces_review" time="0.001" /><testcase classname="tests.test_building_params" name="test_ingest_reads_params_from_contract_pset" time="0.255" /><testcase classname="tests.test_building_params" name="test_ingest_marks_nothing_provided_when_all_defaults" time="0.004" /><testcase classname="tests.test_building_params" name="test_ingest_pset_absent_yields_empty_params" time="0.002" /><testcase classname="tests.test_building_params" name="test_end_to_end_params_flip_verdict_through_pset" time="0.003" /><testcase classname="tests.test_building_params" name="test_orchestrator_merge_preserves_operator_provenance" time="0.001" /><testcase classname="tests.test_building_params" name="test_orchestrator_merge_keeps_defaults_tagged_when_no_operator_input" time="0.001" /><testcase classname="tests.test_critical_fixes" name="test_c3_y_long_room_fails_min_width" time="0.001" /><testcase classname="tests.test_critical_fixes" name="test_c3_x_long_room_unchanged" time="0.001" /><testcase classname="tests.test_critical_fixes" name="test_c3_max_length_reads_longer_side_either_orientation" time="0.001" /><testcase classname="tests.test_critical_fixes" name="test_c3_single_dimension_is_never_guessed" time="0.001" /><testcase classname="tests.test_critical_fixes" name="test_c3_ingest_bbox_orders_extents" time="0.000" /><testcase classname="tests.test_critical_fixes" name="test_h1_area_or_none" time="0.000" /><testcase classname="tests.test_critical_fixes" name="test_h1_missing_area_is_review_not_fail" time="0.000" /><testcase classname="tests.test_critical_fixes" name="test_h1_glazing_ratio_none_for_unmeasured_room" time="0.001" /><testcase classname="tests.test_critical_fixes" name="test_h1_unmeasured_room_downgrades_glazing_pass_to_review" time="0.001" /><testcase classname="tests.test_critical_fixes" name="test_h1_measurable_fail_still_wins_over_unmeasured" time="0.001" /><testcase classname="tests.test_critical_fixes" name="test_h1_all_measured_glazing_pass_unchanged" time="0.001" /><testcase classname="tests.test_critical_fixes" name="test_c2_rag_stack_imports_without_groq_package" time="1.219" /><testcase classname="tests.test_critical_fixes" name="test_c2_groq_pin_raises_removal_error" time="0.001" /><testcase classname="tests.test_critical_fixes" name="test_m3_one_llm_and_one_retrieval_per_clause" time="0.000" /><testcase classname="tests.test_critical_fixes" name="test_m3_two_clauses_two_calls" time="0.000" /><testcase classname="tests.test_critical_fixes" name="test_m3_llm_failure_never_breaks_findings" time="0.001" /><testcase classname="tests.test_critical_fixes" name="test_m3_no_llm_is_a_noop" time="0.000" /><testcase classname="tests.test_critical_fixes" name="test_c4_disabled_flag_returns_none" time="0.000" /><testcase classname="tests.test_critical_fixes" name="test_c4_no_keys_returns_none" time="0.000" /><testcase classname="tests.test_critical_fixes" name="test_c4_keys_present_returns_callable_and_caches" time="0.001" /><testcase classname="tests.test_critical_fixes" name="test_c4_run_pipeline_end_to_end_appends_ai_note" time="0.260" /><testcase classname="tests.test_engine_honesty" name="test_normalizer_passes_canonical_through" time="0.001" /><testcase classname="tests.test_engine_honesty" name="test_normalizer_maps_english_persian_and_broad_labels" time="0.001" /><testcase classname="tests.test_engine_honesty" name="test_normalizer_flags_unmappable_as_needs_review" time="0.001" /><testcase classname="tests.test_engine_honesty" name="test_classify_finding_splits_review_into_classes" time="0.000" /><testcase classname="tests.test_engine_honesty" name="test_build_coverage_counts_clause_level" time="0.000" /><testcase classname="tests.test_engine_honesty" name="test_load_clauses_required_raises_on_missing" time="0.001" /><testcase classname="tests.test_engine_honesty" name="test_clause_health_reports_count" time="0.001" /><testcase classname="tests.test_graph_linker" name="test_clauses_for_element_returns_expected_ids" time="0.003" /><testcase classname="tests.test_graph_linker" name="test_relates_target_is_not_governed" time="0.000" /><testcase classname="tests.test_graph_linker" name="test_unknown_element_returns_empty" time="0.000" /><testcase classname="tests.test_graph_linker" name="test_occupancy_subsumption_helper" time="0.000" /><testcase classname="tests.test_graph_linker" name="test_occupancy_filter_drops_mismatched_exception" time="0.000" /><testcase classname="tests.test_graph_linker" name="test_include_exceptions_toggle" time="0.000" /><testcase classname="tests.test_graph_linker" name="test_expand_with_exceptions_order_and_dedup" time="0.000" /><testcase classname="tests.test_graph_linker" name="test_clauses_for_room_accepts_spatialgraph_category" time="0.000" /><testcase classname="tests.test_graph_linker" name="test_clauses_for_room_accepts_plain_type_and_override" time="0.000" /><testcase classname="tests.test_graph_linker" name="test_clauses_for_room_unknown_type_is_empty" time="0.000" /><testcase classname="tests.test_graph_linker" name="test_explain_link_direct_path" time="0.000" /><testcase classname="tests.test_graph_linker" name="test_explain_link_via_exception" time="0.000" /><testcase classname="tests.test_graph_linker" name="test_explain_link_no_path" time="0.000" /><testcase classname="tests.test_ifc_roundtrip_verdicts" name="test_summary_counts_identical" time="0.020" /><testcase classname="tests.test_ifc_roundtrip_verdicts" name="test_per_article_verdicts_identical" time="0.000" /><testcase classname="tests.test_ifc_roundtrip_verdicts" name="test_known_verdicts_present_in_both" time="0.000" /><testcase classname="tests.test_ifc_roundtrip_verdicts" name="test_roundtrip_preserves_categories" time="0.000" /><testcase classname="tests.test_ifc_roundtrip_verdicts" name="test_ingest_pipeline_matches_raw" time="0.031" /><testcase classname="tests.test_ifc_roundtrip_verdicts" name="test_downgrade_flagged_findings_forces_review" time="0.001" /><testcase classname="tests.test_job_store" name="test_disk_status_overrides_stale_memory" time="0.002" /><testcase classname="tests.test_job_store" name="test_memory_fields_survive_merge_when_disk_lacks_them" time="0.001" /><testcase classname="tests.test_job_store" name="test_disk_only_job_readable_after_restart" time="0.001" /><testcase classname="tests.test_job_store" name="test_partial_disk_write_falls_back_to_memory" time="0.001" /><testcase classname="tests.test_job_store" name="test_local_artifact_served_from_job_dir" time="0.001" /><testcase classname="tests.test_job_store" name="test_unknown_job_returns_none" time="0.001" /><testcase classname="tests.test_job_store" name="test_redis_status_roundtrip_with_nested_result" time="0.000" /><testcase classname="tests.test_job_store" name="test_redis_incremental_field_updates_merge" time="0.000" /><testcase classname="tests.test_job_store" name="test_redis_missing_job_is_none" time="0.000" /><testcase classname="tests.test_job_store" name="test_redis_artifacts_roundtrip" time="0.001" /><testcase classname="tests.test_job_store" name="test_redis_everything_carries_ttl" time="0.001" /><testcase classname="tests.test_job_store" name="test_job_store_env_forces_local" time="0.001" /><testcase classname="tests.test_job_store" name="test_non_redis_broker_selects_local" time="0.001" /><testcase classname="tests.test_job_store" name="test_redis_broker_selects_redis" time="0.001" /><testcase classname="tests.test_job_store" name="test_unreachable_redis_degrades_to_local" time="0.001" /><testcase classname="tests.test_job_store" name="test_invalid_job_ids_rejected_before_store[..]" time="0.001" /><testcase classname="tests.test_job_store" name="test_invalid_job_ids_rejected_before_store[../..]" time="0.001" /><testcase classname="tests.test_job_store" name="test_invalid_job_ids_rejected_before_store[a/../../etc]" time="0.001" /><testcase classname="tests.test_job_store" name="test_invalid_job_ids_rejected_before_store[0123456789AB]" time="0.001" /><testcase classname="tests.test_job_store" name="test_invalid_job_ids_rejected_before_store[0123456789abc]" time="0.001" /><testcase classname="tests.test_job_store" name="test_invalid_job_ids_rejected_before_store[0123456789a]" time="0.001" /><testcase classname="tests.test_job_store" name="test_invalid_job_ids_rejected_before_store[..%2F..%2Fetc]" time="0.001" /><testcase classname="tests.test_job_store" name="test_invalid_job_ids_rejected_before_store[]" time="0.001" /><testcase classname="tests.test_job_store" name="test_invalid_job_ids_rejected_before_store[None]" time="0.001" /><testcase classname="tests.test_job_store" name="test_invalid_job_ids_rejected_before_store[status]" time="0.001" /><testcase classname="tests.test_job_store" name="test_invalid_job_ids_rejected_before_store[.hidden]" time="0.001" /><testcase classname="tests.test_job_store" name="test_traversal_id_cannot_read_outside_results_dir" time="0.001" /><testcase classname="tests.test_job_store" name="test_jobs_endpoint_404_for_invalid_id" time="0.007" /><testcase classname="tests.test_job_store" name="test_analyze_ifc_rejects_malformed_manual_inputs_json" time="0.004" /><testcase classname="tests.test_job_store" name="test_analyze_ifc_rejects_non_object_manual_inputs" time="0.003" /><testcase classname="tests.test_job_store" name="test_analyze_ifc_rejects_out_of_range_manual_inputs" time="0.003" /><testcase classname="tests.test_job_store" name="test_analyze_ifc_threads_validated_manual_inputs_to_submit" time="0.004" /><testcase classname="tests.test_job_store" name="test_analyze_ifc_no_manual_inputs_passes_none" time="0.004" /><testcase classname="tests.test_job_store" name="test_redis_upload_stash_and_fetch" time="0.001" /><testcase classname="tests.test_job_store" name="test_local_upload_is_passthrough" time="0.001" /><testcase classname="tests.test_llm_provider" name="test_resolve_none_without_keys" time="0.000" /><testcase classname="tests.test_llm_provider" name="test_resolve_auto_prefers_agentrouter" time="0.000" /><testcase classname="tests.test_llm_provider" name="test_groq_keys_are_ignored" time="0.000" /><testcase classname="tests.test_llm_provider" name="test_resolve_accepts_codex_style_token_name" time="0.000" /><testcase classname="tests.test_llm_provider" name="test_resolve_explicit_groq_pin_is_loud_none" time="0.001" /><testcase classname="tests.test_llm_provider" name="test_resolve_unknown_value_is_loud_none" time="0.001" /><testcase classname="tests.test_llm_provider" name="test_dispatch_routes_to_agentrouter" time="0.000" /><testcase classname="tests.test_llm_provider" name="test_dispatch_groq_override_raises_removal_error" time="0.000" /><testcase classname="tests.test_llm_provider" name="test_dispatch_explicit_provider_arg_overrides_env" time="0.000" /><testcase classname="tests.test_llm_provider" name="test_dispatch_without_provider_raises_clearly" time="0.001" /><testcase classname="tests.test_llm_provider" name="test_agentrouter_sends_sanctioned_request" time="0.000" /><testcase classname="tests.test_llm_provider" name="test_agentrouter_model_env_override" time="0.000" /><testcase classname="tests.test_llm_provider" name="test_agentrouter_alias_token_env" time="0.000" /><testcase classname="tests.test_llm_provider" name="test_agentrouter_keyless_call_raises" time="0.001" /><testcase classname="tests.test_llm_provider" name="test_agentrouter_empty_choices_returns_empty_string" time="0.001" /><testcase classname="tests.test_llm_provider" name="test_agentrouter_client_rebuilt_when_key_changes" time="0.000" /><testcase classname="tests.test_llm_provider" name="test_build_llm_resolves_agentrouter" time="0.000" /><testcase classname="tests.test_model_tiers" name="test_tier_defaults" time="0.000" /><testcase classname="tests.test_model_tiers" name="test_tier_env_overrides" time="0.000" /><testcase classname="tests.test_model_tiers" name="test_legacy_global_pin_between_tier_env_and_default" time="0.000" /><testcase classname="tests.test_model_tiers" name="test_unknown_tier_is_loud" time="0.001" /><testcase classname="tests.test_model_tiers" name="test_dispatch_sends_tier_model_to_agentrouter" time="0.000" /><testcase classname="tests.test_model_tiers" name="test_groq_env_pin_resolves_to_none" time="0.001" /><testcase classname="tests.test_not_evaluated" name="test_verdict_enum_has_not_evaluated" time="0.000" /><testcase classname="tests.test_not_evaluated" name="test_summarise_carries_all_four_keys_and_counts" time="0.000" /><testcase classname="tests.test_not_evaluated" name="test_missing_room_category_is_not_evaluated" time="0.001" /><testcase classname="tests.test_not_evaluated" name="test_unmeasurable_area_is_not_evaluated" time="0.000" /><testcase classname="tests.test_not_evaluated" name="test_conditional_clause_stays_needs_review" time="0.000" /><testcase classname="tests.test_not_evaluated" name="test_unmapped_object_stays_needs_review" time="0.000" /><testcase classname="tests.test_not_evaluated" name="test_coverage_maps_not_evaluated_to_blocked_without_message_sniffing" time="0.000" /><testcase classname="tests.test_not_evaluated" name="test_not_evaluated_never_enters_review_queue" time="0.001" /><testcase classname="tests.test_not_evaluated" name="test_overall_status_never_compliant_with_unevaluated_checks" time="0.000" /><testcase classname="tests.test_not_evaluated" name="test_bcf_skips_unanchored_not_evaluated_findings" time="0.196" /><testcase classname="tests.test_numeric_property_routing" name="test_door_clear_height_measures_height_not_width" time="0.001" /><testcase classname="tests.test_numeric_property_routing" name="test_door_clear_width_still_measures_width" time="0.001" /><testcase classname="tests.test_numeric_property_routing" name="test_room_width_measures_min_dimension_not_area" time="0.000" /><testcase classname="tests.test_numeric_property_routing" name="test_room_length_measures_max_dimension" time="0.000" /><testcase classname="tests.test_numeric_property_routing" name="test_room_area_unchanged" time="0.000" /><testcase classname="tests.test_numeric_property_routing" name="test_room_ceiling_height_default_forces_review" time="0.001" /><testcase classname="tests.test_numeric_property_routing" name="test_ceiling_height_parameter_can_fail_when_lowered" time="0.001" /><testcase classname="tests.test_numeric_property_routing" name="test_ceiling_height_parameter_read_from_bim_data" time="0.001" /><testcase classname="tests.test_numeric_property_routing" name="test_window_width_measures_window_geometry" time="0.001" /><testcase classname="tests.test_numeric_property_routing" name="test_window_sill_height_measures_sill" time="0.001" /><testcase classname="tests.test_numeric_property_routing" name="test_unmeasurable_pairing_is_review" time="0.000" /><testcase classname="tests.test_numeric_property_routing" name="test_unknown_property_is_review" time="0.000" /><testcase classname="tests.test_schema_validator" name="test_missing_file_fails_001" time="0.000" /><testcase classname="tests.test_schema_validator" name="test_garbage_file_fails_001" time="0.002" /><testcase classname="tests.test_schema_validator" name="test_missing_project_fails_003" time="0.002" /><testcase classname="tests.test_schema_validator" name="test_missing_storey_fails_006" time="0.002" /><testcase classname="tests.test_schema_validator" name="test_minimal_valid_model_passes_with_empty_model_alert" time="0.002" /><testcase classname="tests.test_schema_validator" name="test_gate_raises_with_structured_result" time="0.002" /><testcase classname="tests.test_schema_validator" name="test_run_ifc_compliance_stops_before_ingest_on_garbage" time="0.001" /><testcase classname="tests.test_schema_validator" name="test_run_ifc_compliance_attaches_schema_stage_on_valid_fixture" time="0.028" /><testcase classname="tests.test_schema_validator" name="test_blocking_codes_are_the_documented_set" time="0.000" /><testcase classname="tests.test_stage2_contract_quality" name="test_finding_defaults_are_compliance_category" time="0.000" /><testcase classname="tests.test_stage2_contract_quality" name="test_to_dict_keeps_all_legacy_keys" time="0.000" /><testcase classname="tests.test_stage2_contract_quality" name="test_expected_actual_fall_back_to_required_measured" time="0.000" /><testcase classname="tests.test_stage2_contract_quality" name="test_explicit_expected_actual_win" time="0.000" /><testcase classname="tests.test_stage2_contract_quality" name="test_finding_id_stable_and_discriminating" time="0.000" /><testcase classname="tests.test_stage2_contract_quality" name="test_clean_model_passes_quality" time="0.001" /><testcase classname="tests.test_stage2_contract_quality" name="test_unmapped_room_yields_space_tag_001" time="0.001" /><testcase classname="tests.test_stage2_contract_quality" name="test_low_confidence_mapping_yields_space_tag_002" time="0.001" /><testcase classname="tests.test_stage2_contract_quality" name="test_flagged_element_yields_elem_conf_001" time="0.001" /><testcase classname="tests.test_stage2_contract_quality" name="test_low_scale_reported_once_globally_not_per_element" time="0.001" /><testcase classname="tests.test_stage2_contract_quality" name="test_unasserted_verdict_param_yields_param_001" time="0.000" /><testcase classname="tests.test_stage2_contract_quality" name="test_asserted_param_is_clean" time="0.000" /><testcase classname="tests.test_stage2_contract_quality" name="test_quality_stage_lands_in_pipeline_payload_without_summary_pollution" time="0.028" /><testcase classname="tests.test_stage2_contract_quality" name="test_finding_ids_unique_within_a_full_run" time="0.041" /><testcase classname="tests.test_stage2_contract_quality" name="test_bcf_topic_guids_deterministic_across_runs" time="0.423" /><testcase classname="tests.test_stage3_place_report" name="test_clean_geometry_yields_no_place_findings" time="0.001" /><testcase classname="tests.test_stage3_place_report" name="test_missing_host_is_place_001" time="0.001" /><testcase classname="tests.test_stage3_place_report" name="test_dangling_host_is_place_002" time="0.001" /><testcase classname="tests.test_stage3_place_report" name="test_opening_wider_than_wall_is_place_003" time="0.001" /><testcase classname="tests.test_stage3_place_report" name="test_off_axis_insertion_is_place_004" time="0.001" /><testcase classname="tests.test_stage3_place_report" name="test_near_axis_insertion_within_tolerance_is_clean" time="0.001" /><testcase classname="tests.test_stage3_place_report" name="test_combined_widths_exceeding_wall_is_place_005" time="0.001" /><testcase classname="tests.test_stage3_place_report" name="test_tolerances_overridable_per_run" time="0.001" /><testcase classname="tests.test_stage3_place_report" name="test_staged_json_artifact_has_three_layers" time="0.248" /><testcase classname="tests.test_stage3_place_report" name="test_html_renders_stage_sections" time="0.301" /><testcase classname="tests.test_stage3_place_report" name="test_quality_findings_land_in_bcf" time="0.292" /><testcase classname="tests.test_stage3_place_report" name="test_no_stages_keeps_backward_compatible_output" time="0.256" /><testcase classname="tests.test_stage3_place_report" name="test_overall_status_stage_precedence" time="0.001" /><testcase classname="tests.test_stage4_catalog_bcf" name="test_yaml_reload_matches_canonical_catalog_contract" time="0.027" /><testcase classname="tests.test_stage4_catalog_bcf" name="test_missing_file_fails_loud" time="0.015" /><testcase classname="tests.test_stage4_catalog_bcf" name="test_malformed_catalog_fails_loud" time="0.015" /><testcase classname="tests.test_stage4_catalog_bcf" name="test_missing_property_key_fails_loud" time="0.045" /><testcase classname="tests.test_stage4_catalog_bcf" name="test_renamed_property_is_honoured_by_param_map" time="0.046" /><testcase classname="tests.test_stage4_catalog_bcf" name="test_ingest_reads_fixture_identically_via_catalog" time="0.040" /><testcase classname="tests.test_stage4_catalog_bcf" name="test_bcf_topics_have_labels_and_reference" time="0.310" /><testcase classname="tests.test_stage4_catalog_bcf" name="test_bcf_guid_passthrough_topic_matches_directory" time="0.297" /><testcase classname="tests.test_stage4_catalog_bcf" name="test_bcf_enriched_topics_still_deterministic" time="0.595" /><testcase classname="tests.test_stage5_agents_contract" name="test_topology_no_rooms_is_not_evaluated" time="0.001" /><testcase classname="tests.test_stage5_agents_contract" name="test_opening_no_habitable_rooms_is_not_evaluated" time="0.001" /><testcase classname="tests.test_stage5_agents_contract" name="test_safety_missing_stair_stays_needs_review" time="0.001" /><testcase classname="tests.test_stage5_agents_contract" name="test_blocked_markers_retired" time="0.001" /><testcase classname="tests.test_stage5_agents_contract" name="test_clean_contract_read_has_no_error" time="0.006" /><testcase classname="tests.test_stage5_agents_contract" name="test_broken_contract_read_is_loud_and_quality_visible" time="0.006" /><testcase classname="tests.test_stage6_unsupported_llm" name="test_field_true_wins_over_interpretive_wording" time="0.001" /><testcase classname="tests.test_stage6_unsupported_llm" name="test_field_false_wins_over_marker_wording" time="0.001" /><testcase classname="tests.test_stage6_unsupported_llm" name="test_legacy_dicts_without_field_still_sniff" time="0.000" /><testcase classname="tests.test_stage6_unsupported_llm" name="test_numeric_unmapped_object_sets_flag" time="0.001" /><testcase classname="tests.test_stage6_unsupported_llm" name="test_numeric_unsupported_comparator_sets_flag" time="0.001" /><testcase classname="tests.test_stage6_unsupported_llm" name="test_numeric_interpretive_condition_does_not_set_flag" time="0.000" /><testcase classname="tests.test_stage6_unsupported_llm" name="test_topology_unhandled_relation_sets_flag" time="0.000" /><testcase classname="tests.test_stage6_unsupported_llm" name="test_opening_unparseable_glazing_form_sets_flag" time="0.000" /><testcase classname="tests.test_stage6_unsupported_llm" name="test_groq_dispatch_raises_removal_error" time="0.000" /><testcase classname="tests.test_stage7_llm_targeting" name="test_llm_pass_skips_unsupported_findings" time="0.000" /><testcase classname="tests.test_stage7_llm_targeting" name="test_llm_pass_still_one_call_per_interpretive_clause" time="0.000" /><testcase classname="tests.test_stage7_llm_targeting" name="test_html_badges_unsupported_cards_and_splits_tile" time="0.290" /><testcase classname="tests.test_stage7_llm_targeting" name="test_html_no_split_line_when_no_reviews" time="0.221" /><testcase classname="tests.test_stage7_llm_targeting" name="test_provider_status_has_no_groq_fields" time="0.001" /><testcase classname="tests.test_stage8_overlap_queue" name="test_guaranteed_overlap_fires" time="0.001" /><testcase classname="tests.test_stage8_overlap_queue" name="test_convention_dependent_overlap_is_not_flagged" time="0.001" /><testcase classname="tests.test_stage8_overlap_queue" name="test_unequal_widths_use_worst_convention" time="0.001" /><testcase classname="tests.test_stage8_overlap_queue" name="test_clearly_separated_openings_are_clean" time="0.001" /><testcase classname="tests.test_stage8_overlap_queue" name="test_overlap_tolerance_overridable" time="0.001" /><testcase classname="tests.test_stage8_overlap_queue" name="test_mixed_door_window_pairs_are_checked" time="0.001" /><testcase classname="tests.test_stage8_overlap_queue" name="test_queue_items_carry_contract_fields" time="0.002" /><testcase classname="tests.test_stage8_overlap_queue" name="test_queue_items_without_contract_fields_default_sanely" time="0.002" /><testcase classname="tests.validation.quality.test_check_order" name="test_registry_order_controls_deterministic_finding_order" time="0.001" /><testcase classname="tests.validation.quality.test_checker_error_policy" name="test_applies_to_exception_becomes_visible_internal_finding" time="0.001" /><testcase classname="tests.validation.quality.test_checker_error_policy" name="test_invalid_plugin_return_is_not_silently_ignored" time="0.001" /><testcase classname="tests.validation.quality.test_checker_error_policy" name="test_undeclared_finding_code_is_reported_as_internal_error" time="0.001" /><testcase classname="tests.validation.quality.test_checker_isolation" name="test_failed_plugin_does_not_suppress_later_plugins" time="0.001" /><testcase classname="tests.validation.quality.test_checker_isolation" name="test_nonblocking_plugin_error_is_an_alert" time="0.001" /><testcase classname="tests.validation.quality.test_checker_isolation" name="test_blocking_plugin_error_fails_quality_stage" time="0.001" /><testcase classname="tests.validation.quality.test_checker_isolation" name="test_initial_findings_are_preserved_before_plugin_findings" time="0.000" /><testcase classname="tests.validation.quality.test_checker_isolation" name="test_context_nested_review_data_is_request_local_and_immutable" time="0.000" /><testcase classname="tests.validation.quality.test_door_connectivity_crosscheck" name="test_declared_and_geometric_door_spaces_mismatch_is_place_010" time="0.002" /><testcase classname="tests.validation.quality.test_door_space_connectivity" name="test_door_on_shared_boundary_derives_two_spaces" time="0.001" /><testcase classname="tests.validation.quality.test_door_space_connectivity" name="test_door_without_space_connectivity_is_space_009" time="0.001" /><testcase classname="tests.validation.quality.test_legacy_wrapper" name="test_test_adapter_delegates_to_plugin_checker_without_mutating_input" time="0.001" /><testcase classname="tests.validation.quality.test_opening_endpoint_extent" name="test_opening_past_wall_endpoint_is_place_007" time="0.001" /><testcase classname="tests.validation.quality.test_opening_endpoint_extent" name="test_centered_opening_within_wall_has_no_place_007" time="0.001" /><testcase classname="tests.validation.quality.test_opening_insertion_conventions" name="test_start_offset_is_normalised_to_center_before_endpoint_check" time="0.001" /><testcase classname="tests.validation.quality.test_opening_insertion_conventions" name="test_end_offset_at_wall_end_normalises_to_valid_center" time="0.001" /><testcase classname="tests.validation.quality.test_opening_missing_geometry" name="test_degenerate_host_geometry_is_place_008" time="0.001" /><testcase classname="tests.validation.quality.test_opening_vertical_fit" name="test_door_taller_than_wall_is_place_011" time="0.001" /><testcase classname="tests.validation.quality.test_opening_vertical_fit" name="test_window_top_above_wall_is_place_011" time="0.001" /><testcase classname="tests.validation.quality.test_pipeline_uses_plugins" name="test_pipeline_quality_stage_exposes_phase4_plugin_metadata" time="0.001" /><testcase classname="tests.validation.quality.test_registry" name="test_default_registry_is_explicit_and_ordered" time="0.000" /><testcase classname="tests.validation.quality.test_registry" name="test_all_builtin_codes_are_unique" time="0.000" /><testcase classname="tests.validation.quality.test_registry" name="test_extra_check_requires_registration_only" time="0.000" /><testcase classname="tests.validation.quality.test_registry" name="test_duplicate_check_name_is_rejected" time="0.000" /><testcase classname="tests.validation.quality.test_registry" name="test_code_must_match_declared_prefix" time="0.000" /><testcase classname="tests.validation.quality.test_registry" name="test_duplicate_code_across_plugins_is_rejected" time="0.000" /><testcase classname="tests.validation.quality.test_registry" name="test_framework_internal_code_is_reserved" time="0.000" /><testcase classname="tests.validation.quality.test_required_properties" name="test_missing_catalog_required_property_is_prop_001" time="0.001" /><testcase classname="tests.validation.quality.test_required_properties" name="test_mapping_issue_is_prop_002" time="0.001" /><testcase classname="tests.validation.quality.test_space_area" name="test_missing_area_reports_qc_space_004_and_dependency" time="0.001" /><testcase classname="tests.validation.quality.test_space_area" name="test_declared_and_derived_area_mismatch_is_reported" time="0.001" /><testcase classname="tests.validation.quality.test_space_area" name="test_matching_area_is_clean_for_area_code" time="0.001" /><testcase classname="tests.validation.quality.test_space_boundary" name="test_missing_boundary_is_space_005" time="0.001" /><testcase classname="tests.validation.quality.test_space_boundary" name="test_open_boundary_is_space_006" time="0.001" /><testcase classname="tests.validation.quality.test_space_boundary" name="test_self_intersecting_boundary_is_space_006" time="0.001" /><testcase classname="tests.validation.quality.test_space_boundary" name="test_valid_boundary_has_no_005_or_006" time="0.001" /><testcase classname="tests.validation.quality.test_space_boundary" name="test_invalid_boundary_marks_quality_stage_failed" time="0.001" /><testcase classname="tests.validation.quality.test_space_identity" name="test_ifc_space_without_global_id_is_reported" time="0.001" /><testcase classname="tests.validation.quality.test_space_identity" name="test_missing_space_name_is_reported" time="0.001" /><testcase classname="tests.validation.quality.test_space_identity" name="test_valid_storey_assignment_avoids_space_007" time="0.001" /><testcase classname="tests.validation.quality.test_space_overlap" name="test_overlapping_spaces_are_space_010" time="0.001" /><testcase classname="tests.validation.quality.test_space_overlap" name="test_touching_spaces_do_not_count_as_overlap" time="0.001" /><testcase classname="tests.validation.quality.test_storey_consistency" name="test_missing_storey_model_is_storey_001" time="0.001" /><testcase classname="tests.validation.quality.test_storey_consistency" name="test_unknown_storey_reference_is_storey_002" time="0.001" /><testcase classname="tests.validation.quality.test_storey_consistency" name="test_conflicting_storey_ffl_is_storey_003" time="0.001" /><testcase classname="tests.validation.quality.test_units_phase4" name="test_supported_metres_are_normalised_once_to_mm" time="0.001" /><testcase classname="tests.validation.quality.test_units_phase4" name="test_missing_units_emit_unit_001" time="0.001" /><testcase classname="tests.validation.quality.test_units_phase4" name="test_unsupported_units_emit_unit_002" time="0.001" /><testcase classname="tests.validation.quality.test_untagged_regions" name="test_uncovered_enclosed_region_is_space_008" time="0.002" /><testcase classname="tests.validation.quality.test_untagged_regions" name="test_covered_enclosed_region_is_not_reported" time="0.001" /><testcase classname="tests.validation.quality.test_window_internal_connection" name="test_window_connecting_two_spaces_is_place_009" time="0.001" /><testcase classname="tests.validation.quality.test_window_internal_connection" name="test_explicitly_allowed_internal_window_is_not_reported" time="0.001" /><testcase classname="tests.validation.schema.test_duplicate_guids" name="test_duplicate_global_id_is_blocking" time="0.004" /><testcase classname="tests.validation.schema.test_mandatory_attributes" name="test_schema_metadata_detects_empty_required_aggregate" time="0.004" /><testcase classname="tests.validation.schema.test_mandatory_attributes" name="test_mandatory_attribute_check_can_be_disabled_by_policy" time="0.003" /><testcase classname="tests.validation.schema.test_single_parse" name="test_pipeline_opens_ifc_exactly_once" time="0.028" /><testcase classname="tests.validation.schema.test_spatial_hierarchy" name="test_disconnected_spatial_entities_fail_hierarchy_check" time="0.003" /><testcase classname="tests.validation.schema.test_spatial_hierarchy" name="test_connected_spatial_chain_passes_hierarchy_check" time="0.002" /><testcase classname="tests.validation.schema.test_spatial_hierarchy" name="test_wrong_parent_type_is_reported" time="0.003" /><testcase classname="tests.validation.schema.test_spatial_hierarchy" name="test_schema_failure_blocks_precheck_and_full_check_equally" time="0.003" /><testcase classname="tests.validation.schema.test_supported_versions" name="test_default_policy_accepts_documented_ifc4_versions[IFC4]" time="0.002" /><testcase classname="tests.validation.schema.test_supported_versions" name="test_default_policy_accepts_documented_ifc4_versions[IFC4X1]" time="0.004" /><testcase classname="tests.validation.schema.test_supported_versions" name="test_default_policy_accepts_documented_ifc4_versions[IFC4X3]" time="0.004" /><testcase classname="tests.validation.schema.test_supported_versions" name="test_default_policy_accepts_documented_ifc4_versions[IFC4X3_ADD2]" time="0.003" /><testcase classname="tests.validation.schema.test_supported_versions" name="test_default_policy_rejects_ifc4x2" time="0.003" /><testcase classname="tests.validation.schema.test_supported_versions" name="test_ifc2x3_requires_explicit_opt_in" time="0.004" /><testcase classname="eval.test_contextualize" name="test_happy_path_attaches_context_and_counts_cost" time="0.001" /><testcase classname="eval.test_contextualize" name="test_input_clauses_never_mutated" time="0.000" /><testcase classname="eval.test_contextualize" name="test_skip_category_copied_without_api_call" time="0.000" /><testcase classname="eval.test_contextualize" name="test_retry_once_then_success" time="0.000" /><testcase classname="eval.test_contextualize" name="test_double_failure_skips_and_logs_article_id" time="0.001" /><testcase classname="eval.test_contextualize" name="test_resume_skips_existing_contexts_without_calls" time="0.001" /><testcase classname="eval.test_contextualize" name="test_empty_model_output_triggers_retry_path" time="0.000" /><testcase classname="eval.test_contextualize" name="test_user_message_contains_exactly_the_spec_fields" time="0.000" /><testcase classname="eval.test_contextualize" name="test_limit_caps_api_calls" time="0.000" /><testcase classname="eval.test_contextualize" name="test_model_constant_matches_spec" time="0.000" /><testcase classname="eval.test_crag_retriever" name="test_high_confidence_returns_immediately_no_transforms" time="0.001" /><testcase classname="eval.test_crag_retriever" name="test_primary_transform_accepted_when_confidence_recovers" time="0.001" /><testcase classname="eval.test_crag_retriever" name="test_top5_changed_false_when_transform_returns_same_ids" time="0.001" /><testcase classname="eval.test_crag_retriever" name="test_language_detected_from_script" time="0.001" /><testcase classname="eval.test_crag_retriever" name="test_fallback_runs_when_primary_stays_low" time="0.001" /><testcase classname="eval.test_crag_retriever" name="test_give_up_no_primary_on_medium_default_route" time="0.001" /><testcase classname="eval.test_crag_retriever" name="test_give_up_after_primary_when_fallback_invalid" time="0.001" /><testcase classname="eval.test_crag_retriever" name="test_mabhas_part_filter_pushed_down_to_base" time="0.000" /><testcase classname="eval.test_crag_retriever" name="test_rule_type_filter_pushed_down_to_base" time="0.000" /><testcase classname="eval.test_crag_retriever" name="test_filters_forwarded_into_transform_legs" time="0.001" /><testcase classname="eval.test_crag_retriever" name="test_no_filter_means_exact_topk_fetch" time="0.000" /><testcase classname="eval.test_crag_retriever" name="test_retrieve_signature_matches_contract" time="0.000" /><testcase classname="eval.test_embeddings" name="test_default_model_is_e5_with_prefixes" time="0.001" /><testcase classname="eval.test_embeddings" name="test_bge_m3_no_prefixes_raw_text" time="0.001" /><testcase classname="eval.test_embeddings" name="test_normalize_embeddings_true_for_every_model" time="0.001" /><testcase classname="eval.test_embeddings" name="test_query_and_passage_share_one_model_instance" time="0.001" /><testcase classname="eval.test_embeddings" name="test_env_var_respected_verbatim" time="0.001" /><testcase classname="eval.test_embeddings" name="test_empty_inputs_behave_as_before" time="0.001" /><testcase classname="eval.test_embeddings" name="test_vector_dim_constant_unchanged" time="0.001" /><testcase classname="eval.test_graph_retriever" name="test_extract_elements_english" time="0.001" /><testcase classname="eval.test_graph_retriever" name="test_extract_elements_persian" time="0.000" /><testcase classname="eval.test_graph_retriever" name="test_extract_elements_homograph_and_stoplist" time="0.001" /><testcase classname="eval.test_graph_retriever" name="test_exception_expansion_adds_exception" time="0.001" /><testcase classname="eval.test_graph_retriever" name="test_graph_element_candidates_join_the_pool" time="0.001" /><testcase classname="eval.test_graph_retriever" name="test_rerank_controls_final_ordering" time="0.001" /><testcase classname="eval.test_graph_retriever" name="test_no_elements_no_graph_candidates" time="0.001" /><testcase classname="eval.test_graph_retriever" name="test_frozen_signature_and_hit_shape" time="0.001" /><testcase classname="eval.test_graph_retriever" name="test_filters_apply_to_graph_candidates" time="0.001" /><testcase classname="eval.test_graph_retriever" name="test_crag_trace_passthrough" time="0.000" /><testcase classname="eval.test_graph_retriever" name="test_load_clauses_by_id_filters_skipped" time="0.001" /><testcase classname="eval.test_hybrid_rerank" name="test_no_rerank_returns_rrf_order_and_scores" time="0.001" /><testcase classname="eval.test_hybrid_rerank" name="test_rerank_reorders_by_cross_encoder_score" time="0.001" /><testcase classname="eval.test_hybrid_rerank" name="test_rerank_preserves_rrf_score" time="0.000" /><testcase classname="eval.test_hybrid_rerank" name="test_rerank_sets_latency_probe" time="0.000" /><testcase classname="eval.test_hybrid_rerank" name="test_rerank_prefers_stored_passage_over_rebuilt" time="0.000" /><testcase classname="eval.test_hybrid_rerank" name="test_rerank_false_never_imports_reranker" time="0.000" /><testcase classname="eval.test_hybrid_rerank" name="test_build_rerank_passage_fallback_shape" time="0.000" /><testcase classname="eval.test_hybrid_rerank" name="test_candidate_k_must_cover_top_k" time="0.000" /><testcase classname="eval.test_metrics" name="test_mrr_gold_at_rank_2_is_half" time="0.000" /><testcase classname="eval.test_metrics" name="test_recall_at_5_one_of_two_gold_found" time="0.000" /><testcase classname="eval.test_metrics" name="test_hit_gold_at_rank_1" time="0.000" /><testcase classname="eval.test_metrics" name="test_empty_retrieved_list_all_metrics_zero" time="0.000" /><testcase classname="eval.test_metrics" name="test_hit_at_k_gold_just_outside_window" time="0.000" /><testcase classname="eval.test_metrics" name="test_recall_at_k_both_gold_found" time="0.000" /><testcase classname="eval.test_metrics" name="test_recall_duplicates_not_double_counted" time="0.001" /><testcase classname="eval.test_metrics" name="test_mrr_no_gold_retrieved" time="0.000" /><testcase classname="eval.test_metrics" name="test_mrr_uses_first_gold_when_multiple" time="0.000" /><testcase classname="eval.test_metrics" name="test_ndcg_perfect_ranking_is_one" time="0.000" /><testcase classname="eval.test_metrics" name="test_ndcg_hand_computed_single_gold_rank_3" time="0.000" /><testcase classname="eval.test_metrics" name="test_ndcg_hand_computed_two_gold_ranks_1_and_3" time="0.000" /><testcase classname="eval.test_metrics" name="test_ndcg_duplicate_gold_not_credited_twice" time="0.000" /><testcase classname="eval.test_metrics" name="test_empty_gold_set_is_zero_not_crash" time="0.000" /><testcase classname="eval.test_metrics" name="test_all_metrics_keys_and_consistency" time="0.000" /><testcase classname="eval.test_query_router" name="test_r1_high_confidence_no_transform" time="0.000" /><testcase classname="eval.test_query_router" name="test_r1_beats_r2_keywords" time="0.000" /><testcase classname="eval.test_query_router" name="test_r1_negative_low_hits_do_not_trigger_r1" time="0.000" /><testcase classname="eval.test_query_router" name="test_r1_negative_no_hits_provided" time="0.000" /><testcase classname="eval.test_query_router" name="test_r2_persian_exception_keyword" time="0.000" /><testcase classname="eval.test_query_router" name="test_r2_english_exception_keyword" time="0.000" /><testcase classname="eval.test_query_router" name="test_r2_english_doesnt_apply_phrase" time="0.000" /><testcase classname="eval.test_query_router" name="test_r2_negative_no_exception_vocabulary" time="0.000" /><testcase classname="eval.test_query_router" name="test_r3_short_persian_with_property" time="0.000" /><testcase classname="eval.test_query_router" name="test_r3_short_english_with_property" time="0.000" /><testcase classname="eval.test_query_router" name="test_r3_negative_long_query_with_property" time="0.000" /><testcase classname="eval.test_query_router" name="test_r3_negative_short_query_without_property" time="0.000" /><testcase classname="eval.test_query_router" name="test_r3_beats_r4_when_both_match" time="0.000" /><testcase classname="eval.test_query_router" name="test_r4_persian_two_elements" time="0.000" /><testcase classname="eval.test_query_router" name="test_r4_persian_zwnj_variant_matches" time="0.000" /><testcase classname="eval.test_query_router" name="test_r4_english_two_elements" time="0.000" /><testcase classname="eval.test_query_router" name="test_r4_negative_single_element" time="0.000" /><testcase classname="eval.test_query_router" name="test_r4_negative_two_synonyms_one_category" time="0.000" /><testcase classname="eval.test_query_router" name="test_persian_preposition_dar_does_not_count_as_door" time="0.000" /><testcase classname="eval.test_query_router" name="test_r5_low_confidence_no_lexical_triggers" time="0.000" /><testcase classname="eval.test_query_router" name="test_r5_negative_medium_confidence_falls_to_default" time="0.000" /><testcase classname="eval.test_query_router" name="test_r2_beats_r5_ordering" time="0.000" /><testcase classname="eval.test_query_router" name="test_r6_default_no_hits_no_triggers" time="0.000" /><testcase classname="eval.test_query_router" name="test_r6_default_english" time="0.000" /><testcase classname="eval.test_query_router" name="test_bare_dar_not_in_door_vocabulary" time="0.000" /><testcase classname="eval.test_query_router" name="test_apostrophe_survives_normalization" time="0.000" /><testcase classname="eval.test_query_transforms" name="test_hyde_persian_nonempty_right_script" time="0.001" /><testcase classname="eval.test_query_transforms" name="test_hyde_english_nonempty_latin" time="0.001" /><testcase classname="eval.test_query_transforms" name="test_hyde_prompt_selection_by_language" time="0.001" /><testcase classname="eval.test_query_transforms" name="test_hyde_explicit_language_overrides_detection" time="0.001" /><testcase classname="eval.test_query_transforms" name="test_hyde_token_budget_and_model_constraints" time="0.001" /><testcase classname="eval.test_query_transforms" name="test_hyde_api_failure_returns_original" time="0.001" /><testcase classname="eval.test_query_transforms" name="test_hyde_empty_completion_returns_original" time="0.001" /><testcase classname="eval.test_query_transforms" name="test_stepback_persian_single_question" time="0.001" /><testcase classname="eval.test_query_transforms" name="test_stepback_english_single_question" time="0.001" /><testcase classname="eval.test_query_transforms" name="test_stepback_multiline_keeps_first_nonempty_line" time="0.000" /><testcase classname="eval.test_query_transforms" name="test_stepback_prompt_selection_and_token_budget" time="0.001" /><testcase classname="eval.test_query_transforms" name="test_stepback_failure_returns_original" time="0.001" /><testcase classname="eval.test_query_transforms" name="test_multi_query_item0_is_original_and_length_n" time="0.001" /><testcase classname="eval.test_query_transforms" name="test_multi_query_one_llm_call_for_all_variants" time="0.001" /><testcase classname="eval.test_query_transforms" name="test_multi_query_strips_numbering_and_bullets" time="0.001" /><testcase classname="eval.test_query_transforms" name="test_multi_query_dedupes_against_original_and_itself" time="0.001" /><testcase classname="eval.test_query_transforms" name="test_multi_query_n1_no_llm_call" time="0.001" /><testcase classname="eval.test_query_transforms" name="test_multi_query_failure_returns_original_only" time="0.001" /><testcase classname="eval.test_query_transforms" name="test_counters_accumulate_across_transforms" time="0.001" /><testcase classname="eval.test_query_transforms" name="test_counter_increments_on_failure_too" time="0.001" /><testcase classname="eval.test_query_transforms" name="test_reset_counters" time="0.001" /><testcase classname="eval.test_regulation_graph" name="test_map_element_aliases" time="0.000" /><testcase classname="eval.test_regulation_graph" name="test_map_property_aliases" time="0.000" /><testcase classname="eval.test_regulation_graph" name="test_extract_term_colon_pattern_strips_list_marker" time="0.000" /><testcase classname="eval.test_regulation_graph" name="test_parse_refs_skips_printed_self_label" time="0.000" /><testcase classname="eval.test_regulation_graph" name="test_resolve_reference_paths" time="0.001" /><testcase classname="eval.test_regulation_graph" name="test_node_counts_by_type" time="0.001" /><testcase classname="eval.test_regulation_graph" name="test_edge_counts_by_type" time="0.001" /><testcase classname="eval.test_regulation_graph" name="test_exception_edge_direction_and_provenance" time="0.001" /><testcase classname="eval.test_regulation_graph" name="test_constrains_property_carries_threshold" time="0.001" /><testcase classname="eval.test_regulation_graph" name="test_uses_term_excludes_defining_clause" time="0.001" /><testcase classname="eval.test_regulation_graph" name="test_numeric_coverage_stats" time="0.001" /><testcase classname="eval.test_regulation_graph" name="test_graphml_round_trip" time="0.004" /><testcase classname="eval.test_retrieval_evaluator" name="test_high_confidence_clear_separation" time="0.001" /><testcase classname="eval.test_retrieval_evaluator" name="test_medium_top1_strong_but_close" time="0.000" /><testcase classname="eval.test_retrieval_evaluator" name="test_low_weak_top1" time="0.000" /><testcase classname="eval.test_retrieval_evaluator" name="test_low_tied_high_scores" time="0.000" /><testcase classname="eval.test_retrieval_evaluator" name="test_empty_hits_low_no_hits" time="0.001" /><testcase classname="eval.test_retrieval_evaluator" name="test_signals_computed_correctly" time="0.001" /><testcase classname="eval.test_retrieval_evaluator" name="test_fewer_than_three_hits_uses_last" time="0.001" /><testcase classname="eval.test_retrieval_evaluator" name="test_single_hit_cannot_be_high" time="0.000" /><testcase classname="eval.test_retrieval_evaluator" name="test_custom_thresholds_override" time="0.000" /><testcase classname="eval.test_retrieval_evaluator" name="test_default_thresholds_unmutated" time="0.000" /><testcase classname="eval.test_retrieval_evaluator" name="test_missing_score_field_defaults_to_zero" time="0.000" /><testcase classname="eval.test_rrf" name="test_id_first_in_both_lists_beats_id_first_in_one" time="0.000" /><testcase classname="eval.test_rrf" name="test_exact_arithmetic_rank1_to_8_decimal_places" time="0.000" /><testcase classname="eval.test_rrf" name="test_empty_inputs_handled_gracefully" time="0.000" /><testcase classname="eval.test_rrf" name="test_missing_from_one_list_contributes_zero" time="0.000" /><testcase classname="eval.test_rrf" name="test_full_hand_computed_fusion" time="0.000" /><testcase classname="eval.test_rrf" name="test_duplicate_id_within_one_list_counts_once" time="0.000" /><testcase classname="eval.test_rrf" name="test_custom_rrf_k" time="0.000" /><testcase classname="eval.test_rrf" name="test_negative_rrf_k_rejected" time="0.000" /><testcase classname="eval.test_stage2_retrieve_methods" name="test_hyde_retrieves_with_the_hypothetical_and_forwards_args" time="0.001" /><testcase classname="eval.test_stage2_retrieve_methods" name="test_hyde_transform_failure_degrades_to_plain_hybrid" time="0.000" /><testcase classname="eval.test_stage2_retrieve_methods" name="test_stepback_fuses_and_reranks_against_original" time="0.001" /><testcase classname="eval.test_stage2_retrieve_methods" name="test_stepback_rrf_order_without_rerank" time="0.000" /><testcase classname="eval.test_stage2_retrieve_methods" name="test_stepback_skips_duplicate_leg_when_transform_falls_back" time="0.000" /><testcase classname="eval.test_stage2_retrieve_methods" name="test_stepback_forwards_filters_into_both_legs" time="0.000" /><testcase classname="eval.test_stage2_retrieve_methods" name="test_multi_query_fuses_n_lists_and_reranks_against_original" time="0.000" /><testcase classname="eval.test_stage2_retrieve_methods" name="test_multi_query_single_query_shortcut" time="0.000" /><testcase classname="eval.test_verdict_regression" name="test_deterministic_verdict_sets_identical" time="0.003" /><testcase classname="eval.test_verdict_regression" name="test_pass_fail_messages_identical" time="0.000" /><testcase classname="eval.test_verdict_regression" name="test_summary_counts_identical" time="0.000" /><testcase classname="eval.test_verdict_regression" name="test_known_verdicts_present_in_both" time="0.000" /><testcase classname="eval.test_verdict_regression" name="test_advisory_text_differs_proving_test_has_teeth" time="0.000" /><testcase classname="eval.test_verdict_regression" name="test_advisory_eligibility_product_decision" time="0.000" /><testcase classname="eval.test_verdict_regression" name="test_default_factory_routes_to_hybrid_rerank" time="0.001" /></testsuite></testsuites>