<?xml version="1.0" encoding="utf-8"?><testsuites name="pytest tests"><testsuite name="pytest" errors="0" failures="0" skipped="0" tests="18" time="0.243" timestamp="2026-07-10T09:15:48.549387+00:00" hostname="bb2706dc1a15"><testcase classname="tests.validation.quality.test_check_order" name="test_registry_order_controls_deterministic_finding_order" time="0.068" /><testcase classname="tests.validation.quality.test_checker_error_policy" name="test_applies_to_exception_becomes_visible_internal_finding" time="0.001" /><testcase classname="tests.validation.quality.test_checker_error_policy" name="test_invalid_plugin_return_is_not_silently_ignored" time="0.001" /><testcase classname="tests.validation.quality.test_checker_error_policy" name="test_undeclared_finding_code_is_reported_as_internal_error" time="0.001" /><testcase classname="tests.validation.quality.test_checker_isolation" name="test_failed_plugin_does_not_suppress_later_plugins" time="0.001" /><testcase classname="tests.validation.quality.test_checker_isolation" name="test_nonblocking_plugin_error_is_an_alert" time="0.001" /><testcase classname="tests.validation.quality.test_checker_isolation" name="test_blocking_plugin_error_fails_quality_stage" time="0.001" /><testcase classname="tests.validation.quality.test_checker_isolation" name="test_initial_findings_are_preserved_before_plugin_findings" time="0.000" /><testcase classname="tests.validation.quality.test_checker_isolation" name="test_context_nested_review_data_is_request_local_and_immutable" time="0.000" /><testcase classname="tests.validation.quality.test_legacy_wrapper" name="test_legacy_wrapper_delegates_to_phase3_checker_and_stores_result" time="0.001" /><testcase classname="tests.validation.quality.test_pipeline_uses_plugins" name="test_pipeline_quality_stage_exposes_phase3_plugin_metadata" time="0.001" /><testcase classname="tests.validation.quality.test_registry" name="test_default_registry_is_explicit_and_ordered" time="0.000" /><testcase classname="tests.validation.quality.test_registry" name="test_all_builtin_codes_are_unique" time="0.000" /><testcase classname="tests.validation.quality.test_registry" name="test_extra_check_requires_registration_only" time="0.000" /><testcase classname="tests.validation.quality.test_registry" name="test_duplicate_check_name_is_rejected" time="0.000" /><testcase classname="tests.validation.quality.test_registry" name="test_code_must_match_declared_prefix" time="0.000" /><testcase classname="tests.validation.quality.test_registry" name="test_duplicate_code_across_plugins_is_rejected" time="0.000" /><testcase classname="tests.validation.quality.test_registry" name="test_framework_internal_code_is_reserved" time="0.000" /></testsuite></testsuites>